<?xml version="1.0" encoding="UTF-8" ?>
<testsuites name="vitest tests" tests="1307" failures="180" errors="0" time="101.156">
    <testsuite name="src/test/authErrorHandling.test.ts" timestamp="2025-09-30T22:44:19.936Z" hostname="Juli" tests="17" failures="0" errors="0" skipped="0" time="0.1821124">
        <testcase classname="src/test/authErrorHandling.test.ts" name="AuthErrorHandler &gt; Error Classification &gt; should classify network errors correctly" time="0.005494">
        </testcase>
        <testcase classname="src/test/authErrorHandling.test.ts" name="AuthErrorHandler &gt; Error Classification &gt; should classify invalid credentials correctly" time="0.0014254">
        </testcase>
        <testcase classname="src/test/authErrorHandling.test.ts" name="AuthErrorHandler &gt; Error Classification &gt; should classify session expired errors correctly" time="0.0012872">
        </testcase>
        <testcase classname="src/test/authErrorHandling.test.ts" name="AuthErrorHandler &gt; Error Classification &gt; should classify rate limiting errors correctly" time="0.0013494">
        </testcase>
        <testcase classname="src/test/authErrorHandling.test.ts" name="AuthErrorHandler &gt; Recovery Options Generation &gt; should generate retry action for retryable errors" time="0.0012892">
        </testcase>
        <testcase classname="src/test/authErrorHandling.test.ts" name="AuthErrorHandler &gt; Recovery Options Generation &gt; should generate guest mode fallback for appropriate errors" time="0.0012163">
        </testcase>
        <testcase classname="src/test/authErrorHandling.test.ts" name="AuthErrorHandler &gt; Recovery Options Generation &gt; should generate email verification action for unverified accounts" time="0.00105">
        </testcase>
        <testcase classname="src/test/authErrorHandling.test.ts" name="AuthErrorHandler &gt; Retry Tracking &gt; should track retry attempts correctly" time="0.0013659">
        </testcase>
        <testcase classname="src/test/authErrorHandling.test.ts" name="AuthErrorHandler &gt; Retry Tracking &gt; should reset retry tracking correctly" time="0.0013684">
        </testcase>
        <testcase classname="src/test/authErrorHandling.test.ts" name="AuthErrorHandler &gt; Rate Limiting &gt; should detect rate limiting correctly" time="0.0010724">
        </testcase>
        <testcase classname="src/test/authErrorHandling.test.ts" name="AuthErrorHandler &gt; Rate Limiting &gt; should clear rate limiting after timeout" time="0.1528288">
        </testcase>
        <testcase classname="src/test/authErrorHandling.test.ts" name="AuthSessionManager &gt; Session Validation &gt; should validate guest sessions correctly" time="0.0020826">
        </testcase>
        <testcase classname="src/test/authErrorHandling.test.ts" name="AuthSessionManager &gt; Session Validation &gt; should handle invalid sessions correctly" time="0.0013779">
        </testcase>
        <testcase classname="src/test/authErrorHandling.test.ts" name="AuthSessionManager &gt; Session Recovery &gt; should attempt token refresh for recovery" time="0.0020107">
        </testcase>
        <testcase classname="src/test/authErrorHandling.test.ts" name="AuthSessionManager &gt; Session Recovery &gt; should fallback to guest mode when recovery fails" time="0.0015136">
        </testcase>
        <testcase classname="src/test/authErrorHandling.test.ts" name="AuthSessionManager &gt; Offline Handling &gt; should handle offline status changes correctly" time="0.0011325">
        </testcase>
        <testcase classname="src/test/authErrorHandling.test.ts" name="AuthSessionManager &gt; Offline Handling &gt; should validate session when coming back online" time="0.0010485">
        </testcase>
    </testsuite>
    <testsuite name="src/test/authIntegration.test.ts" timestamp="2025-09-30T22:44:19.945Z" hostname="Juli" tests="0" failures="0" errors="0" skipped="0" time="0">
    </testsuite>
    <testsuite name="src/test/capacitorUtils.test.ts" timestamp="2025-09-30T22:44:19.946Z" hostname="Juli" tests="0" failures="0" errors="0" skipped="0" time="0">
    </testsuite>
    <testsuite name="src/test/exercisePerformanceIntegration.test.ts" timestamp="2025-09-30T22:44:19.946Z" hostname="Juli" tests="1" failures="1" errors="0" skipped="0" time="0">
        <testcase classname="src/test/exercisePerformanceIntegration.test.ts" name="src/test/exercisePerformanceIntegration.test.ts" time="0">
            <failure message="Cannot read properties of undefined (reading &apos;split&apos;)" type="TypeError">
TypeError: Cannot read properties of undefined (reading &apos;split&apos;)
 ❯ new SupabaseClient node_modules/@supabase/supabase-js/src/SupabaseClient.ts:114:54
 ❯ Proxy.createClient node_modules/@supabase/supabase-js/src/index.ts:46:10
 ❯ src/lib/supabase.ts:19:25
 ❯ src/services/SupabaseService.ts:1:1
            </failure>
        </testcase>
    </testsuite>
    <testsuite name="src/test/gamificationIntegration.test.ts" timestamp="2025-09-30T22:44:19.949Z" hostname="Juli" tests="0" failures="0" errors="0" skipped="0" time="0">
    </testsuite>
    <testsuite name="src/test/infrastructure-basic.test.ts" timestamp="2025-09-30T22:44:19.949Z" hostname="Juli" tests="0" failures="0" errors="0" skipped="0" time="0">
    </testsuite>
    <testsuite name="src/test/ServiceConfigManager.test.ts" timestamp="2025-09-30T22:44:19.950Z" hostname="Juli" tests="0" failures="0" errors="0" skipped="0" time="0">
    </testsuite>
    <testsuite name="src/test/ServiceRegistry.test.ts" timestamp="2025-09-30T22:44:19.950Z" hostname="Juli" tests="0" failures="0" errors="0" skipped="0" time="0">
    </testsuite>
    <testsuite name="src/test/socialIntegration.test.ts" timestamp="2025-09-30T22:44:19.951Z" hostname="Juli" tests="17" failures="0" errors="0" skipped="0" time="0">
        <testcase classname="src/test/socialIntegration.test.ts" name="Social Integration &gt; RealSocialService &gt; should create a social post" time="0">
        </testcase>
        <testcase classname="src/test/socialIntegration.test.ts" name="Social Integration &gt; RealSocialService &gt; should get social feed" time="0">
        </testcase>
        <testcase classname="src/test/socialIntegration.test.ts" name="Social Integration &gt; RealSocialService &gt; should send friend request" time="0">
        </testcase>
        <testcase classname="src/test/socialIntegration.test.ts" name="Social Integration &gt; RealSocialService &gt; should get friends list" time="0">
        </testcase>
        <testcase classname="src/test/socialIntegration.test.ts" name="Social Integration &gt; RealSocialService &gt; should search users" time="0">
        </testcase>
        <testcase classname="src/test/socialIntegration.test.ts" name="Social Integration &gt; RealSocialService &gt; should manage real-time subscriptions" time="0">
        </testcase>
        <testcase classname="src/test/socialIntegration.test.ts" name="Social Integration &gt; RealSocialService &gt; should handle subscription cleanup" time="0">
        </testcase>
        <testcase classname="src/test/socialIntegration.test.ts" name="Social Integration &gt; Social Store Integration &gt; should load social feed" time="0">
        </testcase>
        <testcase classname="src/test/socialIntegration.test.ts" name="Social Integration &gt; Social Store Integration &gt; should load friends" time="0">
        </testcase>
        <testcase classname="src/test/socialIntegration.test.ts" name="Social Integration &gt; Social Store Integration &gt; should load friend requests" time="0">
        </testcase>
        <testcase classname="src/test/socialIntegration.test.ts" name="Social Integration &gt; Social Store Integration &gt; should manage subscriptions through store" time="0">
        </testcase>
        <testcase classname="src/test/socialIntegration.test.ts" name="Social Integration &gt; Social Store Integration &gt; should clear all data and subscriptions" time="0">
        </testcase>
        <testcase classname="src/test/socialIntegration.test.ts" name="Social Integration &gt; Error Handling &gt; should handle service errors gracefully" time="0">
        </testcase>
        <testcase classname="src/test/socialIntegration.test.ts" name="Social Integration &gt; Error Handling &gt; should handle subscription errors" time="0">
        </testcase>
        <testcase classname="src/test/socialIntegration.test.ts" name="Social Integration &gt; Performance &gt; should handle multiple rapid subscriptions" time="0">
        </testcase>
        <testcase classname="src/test/socialIntegration.test.ts" name="Social Integration &gt; Performance &gt; should prevent memory leaks in subscriptions" time="0">
        </testcase>
        <testcase classname="src/test/socialIntegration.test.ts" name="Integration Components &gt; should render social components without errors" time="0">
        </testcase>
    </testsuite>
    <testsuite name="src/test/task1-validation.test.ts" timestamp="2025-09-30T22:44:19.956Z" hostname="Juli" tests="15" failures="0" errors="0" skipped="0" time="0.065895">
        <testcase classname="src/test/task1-validation.test.ts" name="Task 1: Enhanced Test Infrastructure Validation &gt; Sub-task 1: Vitest Configuration with Per-Module Coverage Thresholds &gt; should have Vitest configured with proper coverage thresholds" time="0.0053147">
        </testcase>
        <testcase classname="src/test/task1-validation.test.ts" name="Task 1: Enhanced Test Infrastructure Validation &gt; Sub-task 1: Vitest Configuration with Per-Module Coverage Thresholds &gt; should have quality plugin configured" time="0.0010755">
        </testcase>
        <testcase classname="src/test/task1-validation.test.ts" name="Task 1: Enhanced Test Infrastructure Validation &gt; Sub-task 1: Vitest Configuration with Per-Module Coverage Thresholds &gt; should have proper test output configuration" time="0.0010819">
        </testcase>
        <testcase classname="src/test/task1-validation.test.ts" name="Task 1: Enhanced Test Infrastructure Validation &gt; Sub-task 2: ReliabilityTracker with 50-Build Rolling Window &gt; should implement 50-build rolling window for reliability calculation" time="0.0115642">
        </testcase>
        <testcase classname="src/test/task1-validation.test.ts" name="Task 1: Enhanced Test Infrastructure Validation &gt; Sub-task 2: ReliabilityTracker with 50-Build Rolling Window &gt; should provide trend analysis over the rolling window" time="0.0020346">
        </testcase>
        <testcase classname="src/test/task1-validation.test.ts" name="Task 1: Enhanced Test Infrastructure Validation &gt; Sub-task 2: ReliabilityTracker with 50-Build Rolling Window &gt; should calculate overall reliability correctly" time="0.0013706">
        </testcase>
        <testcase classname="src/test/task1-validation.test.ts" name="Task 1: Enhanced Test Infrastructure Validation &gt; Sub-task 3: Flaky Test Detection with 20-Build Inconsistency Patterns &gt; should detect flaky tests using 20-build inconsistency patterns" time="0.0022807">
        </testcase>
        <testcase classname="src/test/task1-validation.test.ts" name="Task 1: Enhanced Test Infrastructure Validation &gt; Sub-task 3: Flaky Test Detection with 20-Build Inconsistency Patterns &gt; should identify different flaky test patterns" time="0.0032483">
        </testcase>
        <testcase classname="src/test/task1-validation.test.ts" name="Task 1: Enhanced Test Infrastructure Validation &gt; Sub-task 3: Flaky Test Detection with 20-Build Inconsistency Patterns &gt; should respect 1% flaky test threshold" time="0.0032054">
        </testcase>
        <testcase classname="src/test/task1-validation.test.ts" name="Task 1: Enhanced Test Infrastructure Validation &gt; Sub-task 4: Test Run Data Persistence for Historical Analysis &gt; should support data serialization and export" time="0.0060468">
        </testcase>
        <testcase classname="src/test/task1-validation.test.ts" name="Task 1: Enhanced Test Infrastructure Validation &gt; Sub-task 4: Test Run Data Persistence for Historical Analysis &gt; should provide historical metrics interface" time="0.0030006">
        </testcase>
        <testcase classname="src/test/task1-validation.test.ts" name="Task 1: Enhanced Test Infrastructure Validation &gt; Sub-task 4: Test Run Data Persistence for Historical Analysis &gt; should support data cleanup and management" time="0.0041594">
        </testcase>
        <testcase classname="src/test/task1-validation.test.ts" name="Task 1: Enhanced Test Infrastructure Validation &gt; Integration: Complete Task 1 Validation &gt; should have all components working together" time="0.0098085">
        </testcase>
        <testcase classname="src/test/task1-validation.test.ts" name="Task 1: Enhanced Test Infrastructure Validation &gt; Integration: Complete Task 1 Validation &gt; should have global utilities available for test quality tracking" time="0.0020323">
        </testcase>
        <testcase classname="src/test/task1-validation.test.ts" name="Task 1: Enhanced Test Infrastructure Validation &gt; Integration: Complete Task 1 Validation &gt; should meet all Task 1 requirements" time="0.001261">
        </testcase>
    </testsuite>
    <testsuite name="src/test/validate-targets.test.ts" timestamp="2025-09-30T22:44:19.961Z" hostname="Juli" tests="16" failures="1" errors="0" skipped="0" time="2.5856763">
        <testcase classname="src/test/validate-targets.test.ts" name="Task 16: Validate Overall Test Reliability and Coverage Targets &gt; Requirement 10.1: Test Reliability (99%+ over 50-build window) &gt; should achieve 99%+ test reliability" time="2.55084">
        </testcase>
        <testcase classname="src/test/validate-targets.test.ts" name="Task 16: Validate Overall Test Reliability and Coverage Targets &gt; Requirement 10.1: Test Reliability (99%+ over 50-build window) &gt; should track reliability over rolling window" time="0.0027232">
        </testcase>
        <testcase classname="src/test/validate-targets.test.ts" name="Task 16: Validate Overall Test Reliability and Coverage Targets &gt; Requirement 10.2: Flaky Test Rate (&lt;1% over 20-build window) &gt; should maintain flaky test rate below 1%" time="0.0017674">
        </testcase>
        <testcase classname="src/test/validate-targets.test.ts" name="Task 16: Validate Overall Test Reliability and Coverage Targets &gt; Requirement 10.2: Flaky Test Rate (&lt;1% over 20-build window) &gt; should detect flaky test patterns" time="0.0016991">
        </testcase>
        <testcase classname="src/test/validate-targets.test.ts" name="Task 16: Validate Overall Test Reliability and Coverage Targets &gt; Requirement 10.3: Coverage Targets (90%+ overall, per-module thresholds) &gt; should achieve 90%+ overall coverage" time="0.0074073">
            <failure message="expected 0 to be greater than or equal to 80" type="AssertionError">
AssertionError: expected 0 to be greater than or equal to 80
 ❯ src/test/validate-targets.test.ts:154:31
            </failure>
        </testcase>
        <testcase classname="src/test/validate-targets.test.ts" name="Task 16: Validate Overall Test Reliability and Coverage Targets &gt; Requirement 10.3: Coverage Targets (90%+ overall, per-module thresholds) &gt; should enforce per-module coverage thresholds" time="0.0013056">
        </testcase>
        <testcase classname="src/test/validate-targets.test.ts" name="Task 16: Validate Overall Test Reliability and Coverage Targets &gt; Requirement 10.3: Coverage Targets (90%+ overall, per-module thresholds) &gt; should enforce file-level coverage thresholds" time="0.0012396">
        </testcase>
        <testcase classname="src/test/validate-targets.test.ts" name="Task 16: Validate Overall Test Reliability and Coverage Targets &gt; Requirement 10.4: Accessibility Requirements &gt; should have comprehensive accessibility test framework" time="0.0015874">
        </testcase>
        <testcase classname="src/test/validate-targets.test.ts" name="Task 16: Validate Overall Test Reliability and Coverage Targets &gt; Requirement 10.4: Accessibility Requirements &gt; should provide manual accessibility test checklist" time="0.0017622">
        </testcase>
        <testcase classname="src/test/validate-targets.test.ts" name="Task 16: Validate Overall Test Reliability and Coverage Targets &gt; Requirement 10.4: Accessibility Requirements &gt; should support automated accessibility checks" time="0.0014109">
        </testcase>
        <testcase classname="src/test/validate-targets.test.ts" name="Task 16: Validate Overall Test Reliability and Coverage Targets &gt; Requirements 11.1-11.5: Quality Gates and Alert Systems &gt; should have functional coverage quality gates" time="0.0012433">
        </testcase>
        <testcase classname="src/test/validate-targets.test.ts" name="Task 16: Validate Overall Test Reliability and Coverage Targets &gt; Requirements 11.1-11.5: Quality Gates and Alert Systems &gt; should have functional reliability quality gates" time="0.0010367">
        </testcase>
        <testcase classname="src/test/validate-targets.test.ts" name="Task 16: Validate Overall Test Reliability and Coverage Targets &gt; Requirements 11.1-11.5: Quality Gates and Alert Systems &gt; should have functional alert system" time="0.0009794">
        </testcase>
        <testcase classname="src/test/validate-targets.test.ts" name="Task 16: Validate Overall Test Reliability and Coverage Targets &gt; Requirements 11.1-11.5: Quality Gates and Alert Systems &gt; should have CI/CD integration" time="0.0012555">
        </testcase>
        <testcase classname="src/test/validate-targets.test.ts" name="Task 16: Validate Overall Test Reliability and Coverage Targets &gt; Requirements 11.1-11.5: Quality Gates and Alert Systems &gt; should provide metrics dashboard" time="0.0010251">
        </testcase>
        <testcase classname="src/test/validate-targets.test.ts" name="Task 16: Validate Overall Test Reliability and Coverage Targets &gt; Overall Validation Summary &gt; should meet all target requirements" time="0.0009313">
        </testcase>
    </testsuite>
    <testsuite name="src/test/workoutPlayerIntegration.test.ts" timestamp="2025-09-30T22:44:19.966Z" hostname="Juli" tests="1" failures="1" errors="0" skipped="0" time="0">
        <testcase classname="src/test/workoutPlayerIntegration.test.ts" name="src/test/workoutPlayerIntegration.test.ts" time="0">
            <failure message="Cannot read properties of undefined (reading &apos;split&apos;)" type="TypeError">
TypeError: Cannot read properties of undefined (reading &apos;split&apos;)
 ❯ new SupabaseClient node_modules/@supabase/supabase-js/src/SupabaseClient.ts:114:54
 ❯ Proxy.createClient node_modules/@supabase/supabase-js/src/index.ts:46:10
 ❯ src/lib/supabase.ts:19:25
 ❯ src/services/SupabaseService.ts:1:1
            </failure>
        </testcase>
    </testsuite>
    <testsuite name="src/tests/marketplace.integration.test.ts" timestamp="2025-09-30T22:44:19.967Z" hostname="Juli" tests="14" failures="3" errors="0" skipped="0" time="0.0340667">
        <testcase classname="src/tests/marketplace.integration.test.ts" name="Marketplace Integration Tests &gt; Content Catalog Management &gt; should load premium content catalog" time="0.0032417">
        </testcase>
        <testcase classname="src/tests/marketplace.integration.test.ts" name="Marketplace Integration Tests &gt; Content Catalog Management &gt; should filter content by category" time="0.0011928">
        </testcase>
        <testcase classname="src/tests/marketplace.integration.test.ts" name="Marketplace Integration Tests &gt; Content Catalog Management &gt; should search content by query" time="0.0012149">
        </testcase>
        <testcase classname="src/tests/marketplace.integration.test.ts" name="Marketplace Integration Tests &gt; Purchase Workflow &gt; should validate payment before processing" time="0.0095767">
            <failure message="Cannot read properties of undefined (reading &apos;validatePayment&apos;)" type="TypeError">
TypeError: Cannot read properties of undefined (reading &apos;validatePayment&apos;)
 ❯ src/tests/marketplace.integration.test.ts:62:47
            </failure>
        </testcase>
        <testcase classname="src/tests/marketplace.integration.test.ts" name="Marketplace Integration Tests &gt; Purchase Workflow &gt; should get content pricing" time="0.0015536">
            <failure message="Cannot read properties of undefined (reading &apos;getContentPricing&apos;)" type="TypeError">
TypeError: Cannot read properties of undefined (reading &apos;getContentPricing&apos;)
 ❯ src/tests/marketplace.integration.test.ts:77:44
            </failure>
        </testcase>
        <testcase classname="src/tests/marketplace.integration.test.ts" name="Marketplace Integration Tests &gt; Purchase Workflow &gt; should record purchase correctly" time="0.0014929">
        </testcase>
        <testcase classname="src/tests/marketplace.integration.test.ts" name="Marketplace Integration Tests &gt; Content Validation &gt; should validate premium content correctly" time="0.0014271">
        </testcase>
        <testcase classname="src/tests/marketplace.integration.test.ts" name="Marketplace Integration Tests &gt; Content Validation &gt; should reject content with banned words" time="0.0010775">
        </testcase>
        <testcase classname="src/tests/marketplace.integration.test.ts" name="Marketplace Integration Tests &gt; Content Validation &gt; should validate trainer profile correctly" time="0.0012846">
        </testcase>
        <testcase classname="src/tests/marketplace.integration.test.ts" name="Marketplace Integration Tests &gt; Content Upload Workflow &gt; should create and manage content drafts" time="0.00209">
        </testcase>
        <testcase classname="src/tests/marketplace.integration.test.ts" name="Marketplace Integration Tests &gt; Trainer Management &gt; should load trainer profiles" time="0.0019493">
        </testcase>
        <testcase classname="src/tests/marketplace.integration.test.ts" name="Marketplace Integration Tests &gt; Trainer Management &gt; should get content by trainer" time="0.0013743">
        </testcase>
        <testcase classname="src/tests/marketplace.integration.test.ts" name="Marketplace Integration Tests &gt; Review System &gt; should add and retrieve content reviews" time="0.0013604">
        </testcase>
        <testcase classname="src/tests/marketplace.integration.test.ts" name="Marketplace Integration Tests &gt; Price Formatting &gt; should format prices correctly" time="0.0021788">
            <failure message="Cannot read properties of undefined (reading &apos;formatPrice&apos;)" type="TypeError">
TypeError: Cannot read properties of undefined (reading &apos;formatPrice&apos;)
 ❯ src/tests/marketplace.integration.test.ts:310:29
            </failure>
        </testcase>
    </testsuite>
    <testsuite name="src/__tests__/setup-verification.test.ts" timestamp="2025-09-30T22:44:19.973Z" hostname="Juli" tests="0" failures="0" errors="0" skipped="0" time="0">
    </testsuite>
    <testsuite name="tests/e2e/accessibility.spec.ts" timestamp="2025-09-30T22:44:19.974Z" hostname="Juli" tests="1" failures="1" errors="0" skipped="0" time="0">
        <testcase classname="tests/e2e/accessibility.spec.ts" name="tests/e2e/accessibility.spec.ts" time="0">
            <failure message="Failed to resolve import &quot;@axe-core/playwright&quot; from &quot;tests/e2e/accessibility.spec.ts&quot;. Does the file exist?" type="Error">
Error: Failed to resolve import &quot;@axe-core/playwright&quot; from &quot;tests/e2e/accessibility.spec.ts&quot;. Does the file exist?
  Plugin: vite:import-analysis
  File: D:/Proyectos/sport-tracker/tests/e2e/accessibility.spec.ts:2:23
  1  |  import { test, expect } from &quot;@playwright/test&quot;;
  2  |  import AxeBuilder from &quot;@axe-core/playwright&quot;;
     |                          ^
  3  |  test.describe(&quot;Accessibility E2E Tests&quot;, () =&gt; {
  4  |    test(&quot;Home page accessibility audit&quot;, async ({ page }) =&gt; {
 ❯ TransformPluginContext._formatError node_modules/vite/dist/node/chunks/dep-D_zLpgQd.js:49258:41
 ❯ TransformPluginContext.error node_modules/vite/dist/node/chunks/dep-D_zLpgQd.js:49253:16
 ❯ normalizeUrl node_modules/vite/dist/node/chunks/dep-D_zLpgQd.js:64306:23
 ❯ node_modules/vite/dist/node/chunks/dep-D_zLpgQd.js:64438:39
 ❯ TransformPluginContext.transform node_modules/vite/dist/node/chunks/dep-D_zLpgQd.js:64365:7
 ❯ PluginContainer.transform node_modules/vite/dist/node/chunks/dep-D_zLpgQd.js:49099:18
 ❯ loadAndTransform node_modules/vite/dist/node/chunks/dep-D_zLpgQd.js:51977:27

⎯⎯⎯⎯⎯⎯⎯⎯⎯⎯⎯⎯⎯⎯⎯⎯⎯⎯⎯⎯⎯⎯⎯⎯⎯⎯⎯⎯⎯⎯
Serialized Error: { __vitest_rollup_error__: { plugin: &apos;vite:import-analysis&apos;, id: &apos;D:/Proyectos/sport-tracker/tests/e2e/accessibility.spec.ts&apos;, loc: { file: &apos;D:/Proyectos/sport-tracker/tests/e2e/accessibility.spec.ts&apos;, line: 2, column: 23 }, frame: &apos;1  |  import { test, expect } from &quot;@playwright/test&quot;;\n2  |  import AxeBuilder from &quot;@axe-core/playwright&quot;;\n   |                          ^\n3  |  test.describe(&quot;Accessibility E2E Tests&quot;, () =&gt; {\n4  |    test(&quot;Home page accessibility audit&quot;, async ({ page }) =&gt; {&apos; } }
            </failure>
        </testcase>
    </testsuite>
    <testsuite name="tests/e2e/basic.spec.ts" timestamp="2025-09-30T22:44:19.976Z" hostname="Juli" tests="0" failures="0" errors="0" skipped="0" time="0">
    </testsuite>
    <testsuite name="tests/e2e/integration.spec.ts" timestamp="2025-09-30T22:44:19.976Z" hostname="Juli" tests="1" failures="1" errors="0" skipped="0" time="0">
        <testcase classname="tests/e2e/integration.spec.ts" name="tests/e2e/integration.spec.ts" time="0">
            <failure message="Playwright Test did not expect test.describe() to be called here.
Most common reasons include:
- You are calling test.describe() in a configuration file.
- You are calling test.describe() in a file that is imported by the configuration file.
- You have two different versions of @playwright/test. This usually happens
  when one of the dependencies in your package.json depends on @playwright/test." type="Error">
Error: Playwright Test did not expect test.describe() to be called here.
Most common reasons include:
- You are calling test.describe() in a configuration file.
- You are calling test.describe() in a file that is imported by the configuration file.
- You have two different versions of @playwright/test. This usually happens
  when one of the dependencies in your package.json depends on @playwright/test.
 ❯ TestTypeImpl._currentSuite node_modules/playwright/lib/common/testType.js:74:13
 ❯ TestTypeImpl._describe node_modules/playwright/lib/common/testType.js:114:24
 ❯ Function.describe node_modules/playwright/lib/transform/transform.js:275:12
 ❯ tests/e2e/integration.spec.ts:5:6
            </failure>
        </testcase>
    </testsuite>
    <testsuite name="tests/e2e/performance.spec.ts" timestamp="2025-09-30T22:44:19.977Z" hostname="Juli" tests="0" failures="0" errors="0" skipped="0" time="0">
    </testsuite>
    <testsuite name="tests/e2e/smoke.spec.ts" timestamp="2025-09-30T22:44:19.978Z" hostname="Juli" tests="0" failures="0" errors="0" skipped="0" time="0">
    </testsuite>
    <testsuite name="tests/e2e/social-system.spec.ts" timestamp="2025-09-30T22:44:19.978Z" hostname="Juli" tests="0" failures="0" errors="0" skipped="0" time="0">
    </testsuite>
    <testsuite name="tests/e2e/workout-flow.spec.ts" timestamp="2025-09-30T22:44:19.978Z" hostname="Juli" tests="0" failures="0" errors="0" skipped="0" time="0">
    </testsuite>
    <testsuite name="src/hooks/__tests__/useWorkout.test.ts" timestamp="2025-09-30T22:44:19.979Z" hostname="Juli" tests="0" failures="0" errors="0" skipped="0" time="0">
    </testsuite>
    <testsuite name="src/schemas/__tests__/workout.test.ts" timestamp="2025-09-30T22:44:19.979Z" hostname="Juli" tests="33" failures="0" errors="0" skipped="0" time="0.0606205">
        <testcase classname="src/schemas/__tests__/workout.test.ts" name="workout schemas &gt; SetDataSchema &gt; should validate correct set data" time="0.005638">
        </testcase>
        <testcase classname="src/schemas/__tests__/workout.test.ts" name="workout schemas &gt; SetDataSchema &gt; should require id" time="0.0020735">
        </testcase>
        <testcase classname="src/schemas/__tests__/workout.test.ts" name="workout schemas &gt; SetDataSchema &gt; should require positive set_number" time="0.001605">
        </testcase>
        <testcase classname="src/schemas/__tests__/workout.test.ts" name="workout schemas &gt; SetDataSchema &gt; should validate all set types" time="0.0027897">
        </testcase>
        <testcase classname="src/schemas/__tests__/workout.test.ts" name="workout schemas &gt; SetDataSchema &gt; should reject invalid set type" time="0.0013802">
        </testcase>
        <testcase classname="src/schemas/__tests__/workout.test.ts" name="workout schemas &gt; SetDataSchema &gt; should require non-negative weight" time="0.0015951">
        </testcase>
        <testcase classname="src/schemas/__tests__/workout.test.ts" name="workout schemas &gt; SetDataSchema &gt; should require non-negative reps" time="0.0023954">
        </testcase>
        <testcase classname="src/schemas/__tests__/workout.test.ts" name="workout schemas &gt; SetDataSchema &gt; should validate RPE range 1-10" time="0.0033095">
        </testcase>
        <testcase classname="src/schemas/__tests__/workout.test.ts" name="workout schemas &gt; SetDataSchema &gt; should accept optional fields" time="0.0034481">
        </testcase>
        <testcase classname="src/schemas/__tests__/workout.test.ts" name="workout schemas &gt; WorkoutExerciseSchema &gt; should validate correct exercise data" time="0.0018613">
        </testcase>
        <testcase classname="src/schemas/__tests__/workout.test.ts" name="workout schemas &gt; WorkoutExerciseSchema &gt; should require at least one set" time="0.0019532">
        </testcase>
        <testcase classname="src/schemas/__tests__/workout.test.ts" name="workout schemas &gt; WorkoutExerciseSchema &gt; should require non-negative order" time="0.001945">
        </testcase>
        <testcase classname="src/schemas/__tests__/workout.test.ts" name="workout schemas &gt; WorkoutExerciseSchema &gt; should accept optional fields" time="0.0021953">
        </testcase>
        <testcase classname="src/schemas/__tests__/workout.test.ts" name="workout schemas &gt; WorkoutSchema &gt; should validate correct workout data" time="0.0014321">
        </testcase>
        <testcase classname="src/schemas/__tests__/workout.test.ts" name="workout schemas &gt; WorkoutSchema &gt; should require non-empty name" time="0.0011746">
        </testcase>
        <testcase classname="src/schemas/__tests__/workout.test.ts" name="workout schemas &gt; WorkoutSchema &gt; should validate workout status" time="0.0015019">
        </testcase>
        <testcase classname="src/schemas/__tests__/workout.test.ts" name="workout schemas &gt; WorkoutSchema &gt; should reject invalid workout status" time="0.0011331">
        </testcase>
        <testcase classname="src/schemas/__tests__/workout.test.ts" name="workout schemas &gt; WorkoutSchema &gt; should limit name length" time="0.0010113">
        </testcase>
        <testcase classname="src/schemas/__tests__/workout.test.ts" name="workout schemas &gt; WorkoutSchema &gt; should limit description length" time="0.000957">
        </testcase>
        <testcase classname="src/schemas/__tests__/workout.test.ts" name="workout schemas &gt; WorkoutSchema &gt; should accept all optional fields" time="0.0009942">
        </testcase>
        <testcase classname="src/schemas/__tests__/workout.test.ts" name="workout schemas &gt; WorkoutTemplateSchema &gt; should validate correct template data" time="0.0010483">
        </testcase>
        <testcase classname="src/schemas/__tests__/workout.test.ts" name="workout schemas &gt; WorkoutTemplateSchema &gt; should require is_template to be true" time="0.0010506">
        </testcase>
        <testcase classname="src/schemas/__tests__/workout.test.ts" name="workout schemas &gt; WorkoutTemplateSchema &gt; should require status to be planned" time="0.0009939">
        </testcase>
        <testcase classname="src/schemas/__tests__/workout.test.ts" name="workout schemas &gt; WorkoutTemplateSchema &gt; should accept template-specific fields" time="0.0009735">
        </testcase>
        <testcase classname="src/schemas/__tests__/workout.test.ts" name="workout schemas &gt; WorkoutCreateSchema &gt; should validate workout creation data" time="0.0009351">
        </testcase>
        <testcase classname="src/schemas/__tests__/workout.test.ts" name="workout schemas &gt; WorkoutCreateSchema &gt; should not require id, created_at, or calculated fields" time="0.0014168">
        </testcase>
        <testcase classname="src/schemas/__tests__/workout.test.ts" name="workout schemas &gt; SetCreateSchema &gt; should validate set creation data" time="0.0016112">
        </testcase>
        <testcase classname="src/schemas/__tests__/workout.test.ts" name="workout schemas &gt; SetCreateSchema &gt; should not require id or timestamp fields" time="0.0010889">
        </testcase>
        <testcase classname="src/schemas/__tests__/workout.test.ts" name="workout schemas &gt; WorkoutFilterSchema &gt; should validate empty filter" time="0.0009728">
        </testcase>
        <testcase classname="src/schemas/__tests__/workout.test.ts" name="workout schemas &gt; WorkoutFilterSchema &gt; should validate complete filter" time="0.0013239">
        </testcase>
        <testcase classname="src/schemas/__tests__/workout.test.ts" name="workout schemas &gt; WorkoutFilterSchema &gt; should validate partial filter" time="0.0010647">
        </testcase>
        <testcase classname="src/schemas/__tests__/workout.test.ts" name="workout schemas &gt; WorkoutFilterSchema &gt; should reject invalid status in filter" time="0.0011241">
        </testcase>
        <testcase classname="src/schemas/__tests__/workout.test.ts" name="workout schemas &gt; WorkoutFilterSchema &gt; should validate difficulty rating arrays" time="0.0015163">
        </testcase>
    </testsuite>
    <testsuite name="src/services/__tests__/AIRecommendationService.test.ts" timestamp="2025-09-30T22:44:19.987Z" hostname="Juli" tests="6" failures="0" errors="0" skipped="0" time="0">
        <testcase classname="src/services/__tests__/AIRecommendationService.test.ts" name="AIRecommendationService &gt; generateRecommendations &gt; should generate comprehensive AI recommendations" time="0">
        </testcase>
        <testcase classname="src/services/__tests__/AIRecommendationService.test.ts" name="AIRecommendationService &gt; generateRecommendations &gt; should handle errors gracefully" time="0">
        </testcase>
        <testcase classname="src/services/__tests__/AIRecommendationService.test.ts" name="AIRecommendationService &gt; generateRecommendations &gt; should respect options for selective recommendation generation" time="0">
        </testcase>
        <testcase classname="src/services/__tests__/AIRecommendationService.test.ts" name="AIRecommendationService &gt; getExerciseSpecificRecommendations &gt; should get specific recommendations for an exercise" time="0">
        </testcase>
        <testcase classname="src/services/__tests__/AIRecommendationService.test.ts" name="AIRecommendationService &gt; getExerciseSpecificRecommendations &gt; should handle plateau detection" time="0">
        </testcase>
        <testcase classname="src/services/__tests__/AIRecommendationService.test.ts" name="AIRecommendationService &gt; singleton pattern &gt; should return the same instance" time="0">
        </testcase>
    </testsuite>
    <testsuite name="src/services/__tests__/AuthService.test.ts" timestamp="2025-09-30T22:44:19.989Z" hostname="Juli" tests="0" failures="0" errors="0" skipped="0" time="0">
    </testsuite>
    <testsuite name="src/services/__tests__/challengeIntegration.test.ts" timestamp="2025-09-30T22:44:19.990Z" hostname="Juli" tests="0" failures="0" errors="0" skipped="0" time="0">
    </testsuite>
    <testsuite name="src/services/__tests__/challengeRewardsManager.test.ts" timestamp="2025-09-30T22:44:19.990Z" hostname="Juli" tests="0" failures="0" errors="0" skipped="0" time="0">
    </testsuite>
    <testsuite name="src/services/__tests__/CircuitBreakerService.test.ts" timestamp="2025-09-30T22:44:19.991Z" hostname="Juli" tests="37" failures="0" errors="0" skipped="0" time="0.1520825">
        <testcase classname="src/services/__tests__/CircuitBreakerService.test.ts" name="CircuitBreakerService &gt; Service Registration &gt; should register a service with default configuration" time="0.0086667">
        </testcase>
        <testcase classname="src/services/__tests__/CircuitBreakerService.test.ts" name="CircuitBreakerService &gt; Service Registration &gt; should register a service with custom configuration" time="0.0042737">
        </testcase>
        <testcase classname="src/services/__tests__/CircuitBreakerService.test.ts" name="CircuitBreakerService &gt; Service Registration &gt; should register a service with fallback function" time="0.0041324">
        </testcase>
        <testcase classname="src/services/__tests__/CircuitBreakerService.test.ts" name="CircuitBreakerService &gt; Service Registration &gt; should register a service with health check" time="0.0018131">
        </testcase>
        <testcase classname="src/services/__tests__/CircuitBreakerService.test.ts" name="CircuitBreakerService &gt; Circuit Breaker States &gt; should start in CLOSED state" time="0.0019406">
        </testcase>
        <testcase classname="src/services/__tests__/CircuitBreakerService.test.ts" name="CircuitBreakerService &gt; Circuit Breaker States &gt; should transition to OPEN after failure threshold" time="0.0029876">
        </testcase>
        <testcase classname="src/services/__tests__/CircuitBreakerService.test.ts" name="CircuitBreakerService &gt; Circuit Breaker States &gt; should transition to HALF_OPEN after recovery timeout" time="0.0050121">
        </testcase>
        <testcase classname="src/services/__tests__/CircuitBreakerService.test.ts" name="CircuitBreakerService &gt; Circuit Breaker States &gt; should transition back to CLOSED after successful operation in HALF_OPEN" time="0.0026373">
        </testcase>
        <testcase classname="src/services/__tests__/CircuitBreakerService.test.ts" name="CircuitBreakerService &gt; Operation Execution &gt; should execute successful operations normally" time="0.0024384">
        </testcase>
        <testcase classname="src/services/__tests__/CircuitBreakerService.test.ts" name="CircuitBreakerService &gt; Operation Execution &gt; should handle failed operations" time="0.0045252">
        </testcase>
        <testcase classname="src/services/__tests__/CircuitBreakerService.test.ts" name="CircuitBreakerService &gt; Operation Execution &gt; should use fallback when circuit is open" time="0.0032413">
        </testcase>
        <testcase classname="src/services/__tests__/CircuitBreakerService.test.ts" name="CircuitBreakerService &gt; Operation Execution &gt; should measure execution time" time="0.0019293">
        </testcase>
        <testcase classname="src/services/__tests__/CircuitBreakerService.test.ts" name="CircuitBreakerService &gt; Operation Execution &gt; should throw error for unregistered service" time="0.0032215">
        </testcase>
        <testcase classname="src/services/__tests__/CircuitBreakerService.test.ts" name="CircuitBreakerService &gt; Expected Errors &gt; should not count expected errors as failures" time="0.0019925">
        </testcase>
        <testcase classname="src/services/__tests__/CircuitBreakerService.test.ts" name="CircuitBreakerService &gt; Expected Errors &gt; should count unexpected errors as failures" time="0.0016084">
        </testcase>
        <testcase classname="src/services/__tests__/CircuitBreakerService.test.ts" name="CircuitBreakerService &gt; Service Status and Statistics &gt; should track service statistics" time="0.0026473">
        </testcase>
        <testcase classname="src/services/__tests__/CircuitBreakerService.test.ts" name="CircuitBreakerService &gt; Service Status and Statistics &gt; should return null for unregistered service" time="0.0018781">
        </testcase>
        <testcase classname="src/services/__tests__/CircuitBreakerService.test.ts" name="CircuitBreakerService &gt; Service Status and Statistics &gt; should return all service statuses" time="0.0049069">
        </testcase>
        <testcase classname="src/services/__tests__/CircuitBreakerService.test.ts" name="CircuitBreakerService &gt; Health Checks &gt; should perform health checks on registered services" time="0.0020964">
        </testcase>
        <testcase classname="src/services/__tests__/CircuitBreakerService.test.ts" name="CircuitBreakerService &gt; Health Checks &gt; should handle health check errors" time="0.0152524">
        </testcase>
        <testcase classname="src/services/__tests__/CircuitBreakerService.test.ts" name="CircuitBreakerService &gt; Health Checks &gt; should transition to HALF_OPEN when health check passes for open circuit" time="0.0077371">
        </testcase>
        <testcase classname="src/services/__tests__/CircuitBreakerService.test.ts" name="CircuitBreakerService &gt; Configuration Management &gt; should update service configuration" time="0.0123141">
        </testcase>
        <testcase classname="src/services/__tests__/CircuitBreakerService.test.ts" name="CircuitBreakerService &gt; Configuration Management &gt; should validate configuration updates" time="0.0037954">
        </testcase>
        <testcase classname="src/services/__tests__/CircuitBreakerService.test.ts" name="CircuitBreakerService &gt; Circuit Reset &gt; should reset circuit breaker state" time="0.0030787">
        </testcase>
        <testcase classname="src/services/__tests__/CircuitBreakerService.test.ts" name="CircuitBreakerService &gt; Fallback Handling &gt; should use registered fallback when no fallback provided" time="0.0036455">
        </testcase>
        <testcase classname="src/services/__tests__/CircuitBreakerService.test.ts" name="CircuitBreakerService &gt; Fallback Handling &gt; should prefer provided fallback over registered fallback" time="0.0024038">
        </testcase>
        <testcase classname="src/services/__tests__/CircuitBreakerService.test.ts" name="CircuitBreakerService &gt; Fallback Handling &gt; should handle fallback errors" time="0.0020946">
        </testcase>
        <testcase classname="src/services/__tests__/CircuitBreakerService.test.ts" name="CircuitBreakerService &gt; Fallback Handling &gt; should respect fallbackEnabled configuration" time="0.0126329">
        </testcase>
        <testcase classname="src/services/__tests__/CircuitBreakerService.test.ts" name="CircuitBreakerService &gt; Half-Open State Behavior &gt; should limit requests in HALF_OPEN state" time="0.0021217">
        </testcase>
        <testcase classname="src/services/__tests__/CircuitBreakerService.test.ts" name="CircuitBreakerService &gt; Singleton Pattern &gt; should return same instance from getCircuitBreakerService" time="0.00199">
        </testcase>
        <testcase classname="src/services/__tests__/CircuitBreakerService.test.ts" name="CircuitBreakerService &gt; Singleton Pattern &gt; should create new instance with initializeCircuitBreakerService" time="0.0030064">
        </testcase>
        <testcase classname="src/services/__tests__/CircuitBreakerService.test.ts" name="CircuitBreakerService &gt; Default Circuit Breakers Setup &gt; should setup default circuit breakers" time="0.0020561">
        </testcase>
        <testcase classname="src/services/__tests__/CircuitBreakerService.test.ts" name="CircuitBreakerService &gt; Default Circuit Breakers Setup &gt; should have different configurations for different services" time="0.0017496">
        </testcase>
        <testcase classname="src/services/__tests__/CircuitBreakerService.test.ts" name="CircuitBreakerService &gt; Memory Management &gt; should clean up resources on destroy" time="0.0026578">
        </testcase>
        <testcase classname="src/services/__tests__/CircuitBreakerService.test.ts" name="CircuitBreakerService &gt; Memory Management &gt; should limit response time history" time="0.0035647">
        </testcase>
        <testcase classname="src/services/__tests__/CircuitBreakerService.test.ts" name="CircuitBreakerService &gt; Monitoring Integration &gt; should start monitoring interval on creation" time="0.0015474">
        </testcase>
        <testcase classname="src/services/__tests__/CircuitBreakerService.test.ts" name="CircuitBreakerService &gt; Monitoring Integration &gt; should perform periodic health checks" time="0.0022905">
        </testcase>
    </testsuite>
    <testsuite name="src/services/__tests__/ConnectionPoolManager.test.ts" timestamp="2025-09-30T22:44:20.001Z" hostname="Juli" tests="22" failures="0" errors="0" skipped="0" time="5.4440984">
        <testcase classname="src/services/__tests__/ConnectionPoolManager.test.ts" name="ConnectionPoolManager &gt; Initialization &gt; should create a singleton instance" time="0.002727">
        </testcase>
        <testcase classname="src/services/__tests__/ConnectionPoolManager.test.ts" name="ConnectionPoolManager &gt; Initialization &gt; should initialize with default configuration" time="0.0019131">
        </testcase>
        <testcase classname="src/services/__tests__/ConnectionPoolManager.test.ts" name="ConnectionPoolManager &gt; Query Execution &gt; should execute a simple query successfully" time="0.0027984">
        </testcase>
        <testcase classname="src/services/__tests__/ConnectionPoolManager.test.ts" name="ConnectionPoolManager &gt; Query Execution &gt; should handle query timeout" time="0.503394">
        </testcase>
        <testcase classname="src/services/__tests__/ConnectionPoolManager.test.ts" name="ConnectionPoolManager &gt; Query Execution &gt; should queue requests when pool is full" time="0.2163624">
        </testcase>
        <testcase classname="src/services/__tests__/ConnectionPoolManager.test.ts" name="ConnectionPoolManager &gt; Query Execution &gt; should reject when queue is full" time="0.4100158">
        </testcase>
        <testcase classname="src/services/__tests__/ConnectionPoolManager.test.ts" name="ConnectionPoolManager &gt; Retry Logic &gt; should retry failed operations" time="1.003967">
        </testcase>
        <testcase classname="src/services/__tests__/ConnectionPoolManager.test.ts" name="ConnectionPoolManager &gt; Retry Logic &gt; should not retry non-retryable errors" time="0.0017985">
        </testcase>
        <testcase classname="src/services/__tests__/ConnectionPoolManager.test.ts" name="ConnectionPoolManager &gt; Retry Logic &gt; should fail after max retry attempts" time="1.0101699">
        </testcase>
        <testcase classname="src/services/__tests__/ConnectionPoolManager.test.ts" name="ConnectionPoolManager &gt; Health Monitoring &gt; should report healthy status initially" time="0.0026545">
        </testcase>
        <testcase classname="src/services/__tests__/ConnectionPoolManager.test.ts" name="ConnectionPoolManager &gt; Health Monitoring &gt; should detect high connection usage" time="0.1063727">
        </testcase>
        <testcase classname="src/services/__tests__/ConnectionPoolManager.test.ts" name="ConnectionPoolManager &gt; Health Monitoring &gt; should provide accurate metrics" time="0.0012786">
        </testcase>
        <testcase classname="src/services/__tests__/ConnectionPoolManager.test.ts" name="ConnectionPoolManager &gt; Connection Management &gt; should clean up idle connections" time="1.1055382">
        </testcase>
        <testcase classname="src/services/__tests__/ConnectionPoolManager.test.ts" name="ConnectionPoolManager &gt; Connection Management &gt; should handle concurrent requests properly" time="0.0026872">
        </testcase>
        <testcase classname="src/services/__tests__/ConnectionPoolManager.test.ts" name="ConnectionPoolManager &gt; Shutdown &gt; should shutdown gracefully" time="0.0530747">
        </testcase>
        <testcase classname="src/services/__tests__/ConnectionPoolManager.test.ts" name="ConnectionPoolManager &gt; Shutdown &gt; should reject new requests after shutdown" time="0.0014313">
        </testcase>
        <testcase classname="src/services/__tests__/ConnectionPoolManager.test.ts" name="ConnectionPoolManager &gt; Utility Functions &gt; should execute pooled query via utility function" time="0.0010043">
        </testcase>
        <testcase classname="src/services/__tests__/ConnectionPoolManager.test.ts" name="ConnectionPoolManager &gt; Utility Functions &gt; should execute with retry via utility function" time="1.0058959">
        </testcase>
        <testcase classname="src/services/__tests__/ConnectionPoolManager.test.ts" name="ConnectionPoolManager &gt; Utility Functions &gt; should get pool health via utility function" time="0.0017492">
        </testcase>
        <testcase classname="src/services/__tests__/ConnectionPoolManager.test.ts" name="ConnectionPoolManager &gt; Error Handling &gt; should handle database connection errors" time="0.0016789">
        </testcase>
        <testcase classname="src/services/__tests__/ConnectionPoolManager.test.ts" name="ConnectionPoolManager &gt; Error Handling &gt; should update error metrics on failures" time="0.0015165">
        </testcase>
        <testcase classname="src/services/__tests__/ConnectionPoolManager.test.ts" name="Integration with Supabase &gt; should work with actual Supabase operations" time="0.0019981">
        </testcase>
    </testsuite>
    <testsuite name="src/services/__tests__/DatabaseQueryOptimizer.test.ts" timestamp="2025-09-30T22:44:20.007Z" hostname="Juli" tests="24" failures="0" errors="0" skipped="0" time="0.5256965">
        <testcase classname="src/services/__tests__/DatabaseQueryOptimizer.test.ts" name="DatabaseQueryOptimizer &gt; Initialization &gt; should create a singleton instance" time="0.0151811">
        </testcase>
        <testcase classname="src/services/__tests__/DatabaseQueryOptimizer.test.ts" name="DatabaseQueryOptimizer &gt; Initialization &gt; should initialize with default configuration" time="0.0020411">
        </testcase>
        <testcase classname="src/services/__tests__/DatabaseQueryOptimizer.test.ts" name="DatabaseQueryOptimizer &gt; Query Execution with Caching &gt; should execute query and cache result" time="0.0137">
        </testcase>
        <testcase classname="src/services/__tests__/DatabaseQueryOptimizer.test.ts" name="DatabaseQueryOptimizer &gt; Query Execution with Caching &gt; should return cached result on second call" time="0.0023259">
        </testcase>
        <testcase classname="src/services/__tests__/DatabaseQueryOptimizer.test.ts" name="DatabaseQueryOptimizer &gt; Query Execution with Caching &gt; should not cache when caching is disabled" time="0.0138782">
        </testcase>
        <testcase classname="src/services/__tests__/DatabaseQueryOptimizer.test.ts" name="DatabaseQueryOptimizer &gt; Query Execution with Caching &gt; should handle cache expiration" time="0.0247771">
        </testcase>
        <testcase classname="src/services/__tests__/DatabaseQueryOptimizer.test.ts" name="DatabaseQueryOptimizer &gt; Batch Query Processing &gt; should execute multiple queries in batches" time="0.0193447">
        </testcase>
        <testcase classname="src/services/__tests__/DatabaseQueryOptimizer.test.ts" name="DatabaseQueryOptimizer &gt; Batch Query Processing &gt; should handle batch processing with different priorities" time="0.0046483">
        </testcase>
        <testcase classname="src/services/__tests__/DatabaseQueryOptimizer.test.ts" name="DatabaseQueryOptimizer &gt; Batch Query Processing &gt; should fall back to individual execution when batching is disabled" time="0.0124704">
        </testcase>
        <testcase classname="src/services/__tests__/DatabaseQueryOptimizer.test.ts" name="DatabaseQueryOptimizer &gt; Query Analysis and Performance Monitoring &gt; should analyze slow queries" time="0.1546305">
        </testcase>
        <testcase classname="src/services/__tests__/DatabaseQueryOptimizer.test.ts" name="DatabaseQueryOptimizer &gt; Query Analysis and Performance Monitoring &gt; should generate performance report" time="0.0152083">
        </testcase>
        <testcase classname="src/services/__tests__/DatabaseQueryOptimizer.test.ts" name="DatabaseQueryOptimizer &gt; Query Analysis and Performance Monitoring &gt; should track cache hit rates" time="0.0028647">
        </testcase>
        <testcase classname="src/services/__tests__/DatabaseQueryOptimizer.test.ts" name="DatabaseQueryOptimizer &gt; Cache Management &gt; should evict least recently used entries when cache is full" time="0.0055541">
        </testcase>
        <testcase classname="src/services/__tests__/DatabaseQueryOptimizer.test.ts" name="DatabaseQueryOptimizer &gt; Cache Management &gt; should clear cache when requested" time="0.0046358">
        </testcase>
        <testcase classname="src/services/__tests__/DatabaseQueryOptimizer.test.ts" name="DatabaseQueryOptimizer &gt; Cache Management &gt; should provide detailed cache statistics" time="0.0027102">
        </testcase>
        <testcase classname="src/services/__tests__/DatabaseQueryOptimizer.test.ts" name="DatabaseQueryOptimizer &gt; Error Handling &gt; should handle query execution errors" time="0.0034355">
        </testcase>
        <testcase classname="src/services/__tests__/DatabaseQueryOptimizer.test.ts" name="DatabaseQueryOptimizer &gt; Error Handling &gt; should handle batch processing errors gracefully" time="0.0023658">
        </testcase>
        <testcase classname="src/services/__tests__/DatabaseQueryOptimizer.test.ts" name="DatabaseQueryOptimizer &gt; Utility Functions &gt; should execute optimized query via utility function" time="0.0021118">
        </testcase>
        <testcase classname="src/services/__tests__/DatabaseQueryOptimizer.test.ts" name="DatabaseQueryOptimizer &gt; Utility Functions &gt; should execute batch queries via utility function" time="0.0021409">
        </testcase>
        <testcase classname="src/services/__tests__/DatabaseQueryOptimizer.test.ts" name="DatabaseQueryOptimizer &gt; Utility Functions &gt; should get performance report via utility function" time="0.0012343">
        </testcase>
        <testcase classname="src/services/__tests__/DatabaseQueryOptimizer.test.ts" name="DatabaseQueryOptimizer &gt; Utility Functions &gt; should get cache stats via utility function" time="0.0014383">
        </testcase>
        <testcase classname="src/services/__tests__/DatabaseQueryOptimizer.test.ts" name="DatabaseQueryOptimizer &gt; Shutdown and Cleanup &gt; should shutdown gracefully" time="0.0016447">
        </testcase>
        <testcase classname="src/services/__tests__/DatabaseQueryOptimizer.test.ts" name="DatabaseQueryOptimizer &gt; Query Analysis Features &gt; should provide index recommendations for common tables" time="0.0035749">
        </testcase>
        <testcase classname="src/services/__tests__/DatabaseQueryOptimizer.test.ts" name="DatabaseQueryOptimizer &gt; Query Analysis Features &gt; should suggest optimizations for slow queries" time="0.2079442">
        </testcase>
    </testsuite>
    <testsuite name="src/services/__tests__/DataIntegrityService.test.ts" timestamp="2025-09-30T22:44:20.013Z" hostname="Juli" tests="22" failures="12" errors="0" skipped="0" time="0.0630684">
        <testcase classname="src/services/__tests__/DataIntegrityService.test.ts" name="DataIntegrityService &gt; Record Validation &gt; should validate valid user profile" time="0.0196309">
            <failure message="expected false to be true // Object.is equality" type="AssertionError">
AssertionError: expected false to be true // Object.is equality

- Expected
+ Received

- true
+ false

 ❯ src/services/__tests__/DataIntegrityService.test.ts:65:30
            </failure>
        </testcase>
        <testcase classname="src/services/__tests__/DataIntegrityService.test.ts" name="DataIntegrityService &gt; Record Validation &gt; should detect invalid user profile" time="0.0027491">
        </testcase>
        <testcase classname="src/services/__tests__/DataIntegrityService.test.ts" name="DataIntegrityService &gt; Record Validation &gt; should validate valid workout session" time="0.0024597">
            <failure message="expected false to be true // Object.is equality" type="AssertionError">
AssertionError: expected false to be true // Object.is equality

- Expected
+ Received

- true
+ false

 ❯ src/services/__tests__/DataIntegrityService.test.ts:98:30
            </failure>
        </testcase>
        <testcase classname="src/services/__tests__/DataIntegrityService.test.ts" name="DataIntegrityService &gt; Record Validation &gt; should detect workout with invalid dates" time="0.0046047">
            <failure message="expected false to be true // Object.is equality" type="AssertionError">
AssertionError: expected false to be true // Object.is equality

- Expected
+ Received

- true
+ false

 ❯ src/services/__tests__/DataIntegrityService.test.ts:116:64
            </failure>
        </testcase>
        <testcase classname="src/services/__tests__/DataIntegrityService.test.ts" name="DataIntegrityService &gt; Record Validation &gt; should validate valid social post" time="0.0020597">
            <failure message="expected false to be true // Object.is equality" type="AssertionError">
AssertionError: expected false to be true // Object.is equality

- Expected
+ Received

- true
+ false

 ❯ src/services/__tests__/DataIntegrityService.test.ts:134:30
            </failure>
        </testcase>
        <testcase classname="src/services/__tests__/DataIntegrityService.test.ts" name="DataIntegrityService &gt; Record Validation &gt; should detect social post with missing workout reference" time="0.0018539">
            <failure message="expected false to be true // Object.is equality" type="AssertionError">
AssertionError: expected false to be true // Object.is equality

- Expected
+ Received

- true
+ false

 ❯ src/services/__tests__/DataIntegrityService.test.ts:154:64
            </failure>
        </testcase>
        <testcase classname="src/services/__tests__/DataIntegrityService.test.ts" name="DataIntegrityService &gt; Record Validation &gt; should validate valid XP transaction" time="0.001468">
            <failure message="expected false to be true // Object.is equality" type="AssertionError">
AssertionError: expected false to be true // Object.is equality

- Expected
+ Received

- true
+ false

 ❯ src/services/__tests__/DataIntegrityService.test.ts:170:30
            </failure>
        </testcase>
        <testcase classname="src/services/__tests__/DataIntegrityService.test.ts" name="DataIntegrityService &gt; Record Validation &gt; should detect XP transaction with negative amount" time="0.0026218">
            <failure message="expected false to be true // Object.is equality" type="AssertionError">
AssertionError: expected false to be true // Object.is equality

- Expected
+ Received

- true
+ false

 ❯ src/services/__tests__/DataIntegrityService.test.ts:188:61
            </failure>
        </testcase>
        <testcase classname="src/services/__tests__/DataIntegrityService.test.ts" name="DataIntegrityService &gt; Business Rules Validation &gt; should warn about short display names" time="0.0024227">
            <failure message="expected false to be true // Object.is equality" type="AssertionError">
AssertionError: expected false to be true // Object.is equality

- Expected
+ Received

- true
+ false

 ❯ src/services/__tests__/DataIntegrityService.test.ts:203:68
            </failure>
        </testcase>
        <testcase classname="src/services/__tests__/DataIntegrityService.test.ts" name="DataIntegrityService &gt; Business Rules Validation &gt; should detect invalid characters in display name" time="0.0020156">
            <failure message="expected false to be true // Object.is equality" type="AssertionError">
AssertionError: expected false to be true // Object.is equality

- Expected
+ Received

- true
+ false

 ❯ src/services/__tests__/DataIntegrityService.test.ts:216:66
            </failure>
        </testcase>
        <testcase classname="src/services/__tests__/DataIntegrityService.test.ts" name="DataIntegrityService &gt; Business Rules Validation &gt; should warn about unusually long workouts" time="0.001569">
            <failure message="expected false to be true // Object.is equality" type="AssertionError">
AssertionError: expected false to be true // Object.is equality

- Expected
+ Received

- true
+ false

 ❯ src/services/__tests__/DataIntegrityService.test.ts:231:65
            </failure>
        </testcase>
        <testcase classname="src/services/__tests__/DataIntegrityService.test.ts" name="DataIntegrityService &gt; Business Rules Validation &gt; should detect spam patterns in social posts" time="0.0013807">
            <failure message="expected false to be true // Object.is equality" type="AssertionError">
AssertionError: expected false to be true // Object.is equality

- Expected
+ Received

- true
+ false

 ❯ src/services/__tests__/DataIntegrityService.test.ts:248:64
            </failure>
        </testcase>
        <testcase classname="src/services/__tests__/DataIntegrityService.test.ts" name="DataIntegrityService &gt; Business Rules Validation &gt; should warn about unusually high XP amounts" time="0.001304">
            <failure message="expected false to be true // Object.is equality" type="AssertionError">
AssertionError: expected false to be true // Object.is equality

- Expected
+ Received

- true
+ false

 ❯ src/services/__tests__/DataIntegrityService.test.ts:263:63
            </failure>
        </testcase>
        <testcase classname="src/services/__tests__/DataIntegrityService.test.ts" name="DataIntegrityService &gt; Error Severity Classification &gt; should classify type errors as critical" time="0.0009808">
        </testcase>
        <testcase classname="src/services/__tests__/DataIntegrityService.test.ts" name="DataIntegrityService &gt; Error Severity Classification &gt; should classify business rule violations appropriately" time="0.0010651">
        </testcase>
        <testcase classname="src/services/__tests__/DataIntegrityService.test.ts" name="DataIntegrityService &gt; Utility Functions &gt; should detect valid image URLs" time="0.0018159">
        </testcase>
        <testcase classname="src/services/__tests__/DataIntegrityService.test.ts" name="DataIntegrityService &gt; Utility Functions &gt; should detect invalid image URLs" time="0.0021951">
        </testcase>
        <testcase classname="src/services/__tests__/DataIntegrityService.test.ts" name="DataIntegrityService &gt; Utility Functions &gt; should detect spam patterns" time="0.001658">
        </testcase>
        <testcase classname="src/services/__tests__/DataIntegrityService.test.ts" name="DataIntegrityService &gt; Utility Functions &gt; should not flag normal content as spam" time="0.0011928">
        </testcase>
        <testcase classname="src/services/__tests__/DataIntegrityService.test.ts" name="DataIntegrityService &gt; Schema Validation &gt; should handle unknown table gracefully" time="0.0016446">
        </testcase>
        <testcase classname="src/services/__tests__/DataIntegrityService.test.ts" name="DataIntegrityService &gt; Schema Validation &gt; should validate required fields" time="0.0010595">
        </testcase>
        <testcase classname="src/services/__tests__/DataIntegrityService.test.ts" name="DataIntegrityService &gt; Schema Validation &gt; should validate field types" time="0.0009492">
        </testcase>
    </testsuite>
    <testsuite name="src/services/__tests__/DataSynchronizationService.basic.test.ts" timestamp="2025-09-30T22:44:20.033Z" hostname="Juli" tests="0" failures="0" errors="0" skipped="0" time="0">
    </testsuite>
    <testsuite name="src/services/__tests__/DataSynchronizationService.test.ts" timestamp="2025-09-30T22:44:20.034Z" hostname="Juli" tests="0" failures="0" errors="0" skipped="0" time="0">
    </testsuite>
    <testsuite name="src/services/__tests__/EndToEnd.integration.test.ts" timestamp="2025-09-30T22:44:20.034Z" hostname="Juli" tests="1" failures="1" errors="0" skipped="0" time="0">
        <testcase classname="src/services/__tests__/EndToEnd.integration.test.ts" name="src/services/__tests__/EndToEnd.integration.test.ts" time="0">
            <failure message="Cannot read properties of undefined (reading &apos;on&apos;)" type="TypeError">
TypeError: Cannot read properties of undefined (reading &apos;on&apos;)
 ❯ ResourceUsageMonitor.setupEventListeners src/services/ResourceUsageMonitor.ts:677:14
 ❯ new ResourceUsageMonitor src/services/ResourceUsageMonitor.ts:164:10
 ❯ Function.getInstance src/services/ResourceUsageMonitor.ts:170:39
 ❯ src/services/ResourceUsageMonitor.ts:874:58
 ❯ src/services/__tests__/EndToEnd.integration.test.ts:15:25
            </failure>
        </testcase>
    </testsuite>
    <testsuite name="src/services/__tests__/EnhancedCachingLayer.test.ts" timestamp="2025-09-30T22:44:20.036Z" hostname="Juli" tests="31" failures="0" errors="0" skipped="0" time="0.296912">
        <testcase classname="src/services/__tests__/EnhancedCachingLayer.test.ts" name="EnhancedCachingLayer &gt; Initialization &gt; should create a singleton instance" time="0.0046453">
        </testcase>
        <testcase classname="src/services/__tests__/EnhancedCachingLayer.test.ts" name="EnhancedCachingLayer &gt; Initialization &gt; should initialize with correct configuration" time="0.0035195">
        </testcase>
        <testcase classname="src/services/__tests__/EnhancedCachingLayer.test.ts" name="EnhancedCachingLayer &gt; Basic Cache Operations &gt; should set and get data from memory cache" time="0.002768">
        </testcase>
        <testcase classname="src/services/__tests__/EnhancedCachingLayer.test.ts" name="EnhancedCachingLayer &gt; Basic Cache Operations &gt; should return null for non-existent keys" time="0.0014731">
        </testcase>
        <testcase classname="src/services/__tests__/EnhancedCachingLayer.test.ts" name="EnhancedCachingLayer &gt; Basic Cache Operations &gt; should handle TTL expiration" time="0.0247426">
        </testcase>
        <testcase classname="src/services/__tests__/EnhancedCachingLayer.test.ts" name="EnhancedCachingLayer &gt; Basic Cache Operations &gt; should handle different priority levels" time="0.0047318">
        </testcase>
        <testcase classname="src/services/__tests__/EnhancedCachingLayer.test.ts" name="EnhancedCachingLayer &gt; Multi-Level Caching &gt; should promote frequently accessed entries" time="0.0017921">
        </testcase>
        <testcase classname="src/services/__tests__/EnhancedCachingLayer.test.ts" name="EnhancedCachingLayer &gt; Multi-Level Caching &gt; should handle localStorage fallback" time="0.0016227">
        </testcase>
        <testcase classname="src/services/__tests__/EnhancedCachingLayer.test.ts" name="EnhancedCachingLayer &gt; Multi-Level Caching &gt; should handle serviceWorker cache" time="0.0017739">
        </testcase>
        <testcase classname="src/services/__tests__/EnhancedCachingLayer.test.ts" name="EnhancedCachingLayer &gt; Cache Invalidation &gt; should invalidate by exact key" time="0.0018484">
        </testcase>
        <testcase classname="src/services/__tests__/EnhancedCachingLayer.test.ts" name="EnhancedCachingLayer &gt; Cache Invalidation &gt; should invalidate by pattern" time="0.0016322">
        </testcase>
        <testcase classname="src/services/__tests__/EnhancedCachingLayer.test.ts" name="EnhancedCachingLayer &gt; Cache Invalidation &gt; should invalidate by tags" time="0.0021922">
        </testcase>
        <testcase classname="src/services/__tests__/EnhancedCachingLayer.test.ts" name="EnhancedCachingLayer &gt; Prefetching &gt; should prefetch data intelligently" time="0.0026151">
        </testcase>
        <testcase classname="src/services/__tests__/EnhancedCachingLayer.test.ts" name="EnhancedCachingLayer &gt; Prefetching &gt; should not prefetch already cached data" time="0.0013931">
        </testcase>
        <testcase classname="src/services/__tests__/EnhancedCachingLayer.test.ts" name="EnhancedCachingLayer &gt; Prefetching &gt; should handle prefetch concurrency limits" time="0.1802241">
        </testcase>
        <testcase classname="src/services/__tests__/EnhancedCachingLayer.test.ts" name="EnhancedCachingLayer &gt; Performance Monitoring &gt; should track hit and miss rates" time="0.0021109">
        </testcase>
        <testcase classname="src/services/__tests__/EnhancedCachingLayer.test.ts" name="EnhancedCachingLayer &gt; Performance Monitoring &gt; should provide performance recommendations" time="0.0019652">
        </testcase>
        <testcase classname="src/services/__tests__/EnhancedCachingLayer.test.ts" name="EnhancedCachingLayer &gt; Performance Monitoring &gt; should track memory usage" time="0.0017663">
        </testcase>
        <testcase classname="src/services/__tests__/EnhancedCachingLayer.test.ts" name="EnhancedCachingLayer &gt; Cache Optimization &gt; should remove expired entries during optimization" time="0.023528">
        </testcase>
        <testcase classname="src/services/__tests__/EnhancedCachingLayer.test.ts" name="EnhancedCachingLayer &gt; Cache Optimization &gt; should apply eviction policies when cache is full" time="0.0027108">
        </testcase>
        <testcase classname="src/services/__tests__/EnhancedCachingLayer.test.ts" name="EnhancedCachingLayer &gt; Error Handling &gt; should handle localStorage errors gracefully" time="0.003334">
        </testcase>
        <testcase classname="src/services/__tests__/EnhancedCachingLayer.test.ts" name="EnhancedCachingLayer &gt; Error Handling &gt; should handle serviceWorker cache errors gracefully" time="0.0024421">
        </testcase>
        <testcase classname="src/services/__tests__/EnhancedCachingLayer.test.ts" name="EnhancedCachingLayer &gt; Error Handling &gt; should handle corrupted cache entries" time="0.0019894">
        </testcase>
        <testcase classname="src/services/__tests__/EnhancedCachingLayer.test.ts" name="EnhancedCachingLayer &gt; Utility Functions &gt; should work with getCached utility function" time="0.002735">
        </testcase>
        <testcase classname="src/services/__tests__/EnhancedCachingLayer.test.ts" name="EnhancedCachingLayer &gt; Utility Functions &gt; should work with setCached utility function" time="0.0019596">
        </testcase>
        <testcase classname="src/services/__tests__/EnhancedCachingLayer.test.ts" name="EnhancedCachingLayer &gt; Utility Functions &gt; should work with invalidateCache utility function" time="0.0018218">
        </testcase>
        <testcase classname="src/services/__tests__/EnhancedCachingLayer.test.ts" name="EnhancedCachingLayer &gt; Utility Functions &gt; should work with getCachePerformanceReport utility function" time="0.0022369">
        </testcase>
        <testcase classname="src/services/__tests__/EnhancedCachingLayer.test.ts" name="EnhancedCachingLayer &gt; Advanced Features &gt; should handle cache dependencies" time="0.0019655">
        </testcase>
        <testcase classname="src/services/__tests__/EnhancedCachingLayer.test.ts" name="EnhancedCachingLayer &gt; Advanced Features &gt; should handle version-based invalidation" time="0.0017803">
        </testcase>
        <testcase classname="src/services/__tests__/EnhancedCachingLayer.test.ts" name="EnhancedCachingLayer &gt; Shutdown and Cleanup &gt; should shutdown gracefully" time="0.0017216">
        </testcase>
        <testcase classname="src/services/__tests__/EnhancedCachingLayer.test.ts" name="EnhancedCachingLayer &gt; Shutdown and Cleanup &gt; should clear all cache levels" time="0.0015444">
        </testcase>
    </testsuite>
    <testsuite name="src/services/__tests__/ErrorHandling.integration.test.ts" timestamp="2025-09-30T22:44:20.045Z" hostname="Juli" tests="1" failures="1" errors="0" skipped="0" time="0">
        <testcase classname="src/services/__tests__/ErrorHandling.integration.test.ts" name="src/services/__tests__/ErrorHandling.integration.test.ts" time="0">
            <failure message="[vitest] There was an error when mocking a module. If you are using &quot;vi.mock&quot; factory, make sure there are no top level variables inside, since this call is hoisted to top of the file. Read more: https://vitest.dev/api/vi.html#vi-mock" type="Error">
Error: [vitest] There was an error when mocking a module. If you are using &quot;vi.mock&quot; factory, make sure there are no top level variables inside, since this call is hoisted to top of the file. Read more: https://vitest.dev/api/vi.html#vi-mock
 ❯ src/services/ServiceConfigManager.ts:2:31

Caused by: Caused by: ReferenceError: Cannot access &apos;mockLogger&apos; before initialization
 ❯ src/services/__tests__/ErrorHandling.integration.test.ts:6:11
 ❯ src/services/ServiceConfigManager.ts:2:31
            </failure>
        </testcase>
    </testsuite>
    <testsuite name="src/services/__tests__/globalPercentiles.test.ts" timestamp="2025-09-30T22:44:20.046Z" hostname="Juli" tests="1" failures="1" errors="0" skipped="0" time="0">
        <testcase classname="src/services/__tests__/globalPercentiles.test.ts" name="src/services/__tests__/globalPercentiles.test.ts" time="0">
            <failure message="Failed to resolve import &quot;../types/workoutModels&quot; from &quot;src/services/SupabasePercentileService.ts&quot;. Does the file exist?" type="Error">
Error: Failed to resolve import &quot;../types/workoutModels&quot; from &quot;src/services/SupabasePercentileService.ts&quot;. Does the file exist?
  Plugin: vite:import-analysis
  File: D:/Proyectos/sport-tracker/src/services/SupabasePercentileService.ts:9:41
  1  |  import { createClient, SupabaseClient } from &quot;@supabase/supabase-js&quot;;
  2  |  import { Workout, WorkoutExercise } from &quot;../types/workoutModels&quot;;
     |                                            ^
  3  |  import { User } from &quot;../types/userModels&quot;;
  4  |  import { Exercise } from &quot;../types/exerciseModels&quot;;
 ❯ TransformPluginContext._formatError node_modules/vite/dist/node/chunks/dep-D_zLpgQd.js:49258:41
 ❯ TransformPluginContext.error node_modules/vite/dist/node/chunks/dep-D_zLpgQd.js:49253:16
 ❯ normalizeUrl node_modules/vite/dist/node/chunks/dep-D_zLpgQd.js:64306:23
 ❯ node_modules/vite/dist/node/chunks/dep-D_zLpgQd.js:64438:39
 ❯ TransformPluginContext.transform node_modules/vite/dist/node/chunks/dep-D_zLpgQd.js:64365:7
 ❯ PluginContainer.transform node_modules/vite/dist/node/chunks/dep-D_zLpgQd.js:49099:18
 ❯ loadAndTransform node_modules/vite/dist/node/chunks/dep-D_zLpgQd.js:51977:27

⎯⎯⎯⎯⎯⎯⎯⎯⎯⎯⎯⎯⎯⎯⎯⎯⎯⎯⎯⎯⎯⎯⎯⎯⎯⎯⎯⎯⎯⎯
Serialized Error: { __vitest_rollup_error__: { plugin: &apos;vite:import-analysis&apos;, id: &apos;D:/Proyectos/sport-tracker/src/services/SupabasePercentileService.ts&apos;, loc: { file: &apos;D:/Proyectos/sport-tracker/src/services/SupabasePercentileService.ts&apos;, line: 9, column: 41 }, frame: &apos;1  |  import { createClient, SupabaseClient } from &quot;@supabase/supabase-js&quot;;\n2  |  import { Workout, WorkoutExercise } from &quot;../types/workoutModels&quot;;\n   |                                            ^\n3  |  import { User } from &quot;../types/userModels&quot;;\n4  |  import { Exercise } from &quot;../types/exerciseModels&quot;;&apos; } }
            </failure>
        </testcase>
    </testsuite>
    <testsuite name="src/services/__tests__/HealthCheckService.test.ts" timestamp="2025-09-30T22:44:20.048Z" hostname="Juli" tests="39" failures="3" errors="0" skipped="0" time="25.1339795">
        <testcase classname="src/services/__tests__/HealthCheckService.test.ts" name="HealthCheckService &gt; Endpoint Registration &gt; should register a health check endpoint" time="0.0084884">
        </testcase>
        <testcase classname="src/services/__tests__/HealthCheckService.test.ts" name="HealthCheckService &gt; Endpoint Registration &gt; should register endpoint with custom configuration" time="0.0035752">
        </testcase>
        <testcase classname="src/services/__tests__/HealthCheckService.test.ts" name="HealthCheckService &gt; Endpoint Registration &gt; should register endpoint with URL" time="0.0021532">
        </testcase>
        <testcase classname="src/services/__tests__/HealthCheckService.test.ts" name="HealthCheckService &gt; Health Check Execution &gt; should perform health checks on all endpoints" time="0.0035964">
        </testcase>
        <testcase classname="src/services/__tests__/HealthCheckService.test.ts" name="HealthCheckService &gt; Health Check Execution &gt; should handle health check failures" time="0.0026856">
        </testcase>
        <testcase classname="src/services/__tests__/HealthCheckService.test.ts" name="HealthCheckService &gt; Health Check Execution &gt; should handle health check timeouts" time="0.0029493">
        </testcase>
        <testcase classname="src/services/__tests__/HealthCheckService.test.ts" name="HealthCheckService &gt; Service Health Status &gt; should return service health status" time="0.0015496">
        </testcase>
        <testcase classname="src/services/__tests__/HealthCheckService.test.ts" name="HealthCheckService &gt; Service Health Status &gt; should return null for unregistered service" time="0.0010724">
        </testcase>
        <testcase classname="src/services/__tests__/HealthCheckService.test.ts" name="HealthCheckService &gt; Service Health Status &gt; should return all service health statuses" time="0.0023589">
        </testcase>
        <testcase classname="src/services/__tests__/HealthCheckService.test.ts" name="HealthCheckService &gt; System Health Status &gt; should return overall system health as healthy when all services are healthy" time="0.0020361">
        </testcase>
        <testcase classname="src/services/__tests__/HealthCheckService.test.ts" name="HealthCheckService &gt; System Health Status &gt; should return overall system health as degraded when some services are degraded" time="0.0016875">
        </testcase>
        <testcase classname="src/services/__tests__/HealthCheckService.test.ts" name="HealthCheckService &gt; System Health Status &gt; should return overall system health as unhealthy when any service is unhealthy" time="0.0016901">
        </testcase>
        <testcase classname="src/services/__tests__/HealthCheckService.test.ts" name="HealthCheckService &gt; HTTP Health Checks &gt; should create HTTP health check that returns healthy for 200 status" time="0.0057187">
        </testcase>
        <testcase classname="src/services/__tests__/HealthCheckService.test.ts" name="HealthCheckService &gt; HTTP Health Checks &gt; should create HTTP health check that returns degraded for non-200 status" time="0.0014188">
        </testcase>
        <testcase classname="src/services/__tests__/HealthCheckService.test.ts" name="HealthCheckService &gt; HTTP Health Checks &gt; should create HTTP health check that returns unhealthy for network errors" time="0.0015464">
        </testcase>
[...]
        </testcase>
        <testcase classname="src/test/__tests__/factories/test-factories.test.ts" name="Test Factories &gt; ScenarioFactories &gt; should create gamification progression scenario" time="0.0025188">
        </testcase>
        <testcase classname="src/test/__tests__/factories/test-factories.test.ts" name="Test Factories &gt; ScenarioFactories &gt; should create edge case validation scenario" time="0.0026004">
        </testcase>
        <testcase classname="src/test/__tests__/factories/test-factories.test.ts" name="Edge Case Factories &gt; BoundaryFactories &gt; should create minimal boundary users" time="0.0074975">
        </testcase>
        <testcase classname="src/test/__tests__/factories/test-factories.test.ts" name="Edge Case Factories &gt; BoundaryFactories &gt; should create maximal boundary users" time="0.0032546">
        </testcase>
        <testcase classname="src/test/__tests__/factories/test-factories.test.ts" name="Edge Case Factories &gt; BoundaryFactories &gt; should create minimal boundary exercises" time="0.0015014">
        </testcase>
        <testcase classname="src/test/__tests__/factories/test-factories.test.ts" name="Edge Case Factories &gt; BoundaryFactories &gt; should create empty boundary workouts" time="0.0020181">
        </testcase>
        <testcase classname="src/test/__tests__/factories/test-factories.test.ts" name="Edge Case Factories &gt; ErrorScenarioFactories &gt; should create invalid data scenarios" time="0.0025229">
        </testcase>
        <testcase classname="src/test/__tests__/factories/test-factories.test.ts" name="Edge Case Factories &gt; ErrorScenarioFactories &gt; should create error condition scenarios" time="0.0019814">
        </testcase>
        <testcase classname="src/test/__tests__/factories/test-factories.test.ts" name="Edge Case Factories &gt; PerformanceTestFactories &gt; should create large datasets" time="0.0050261">
        </testcase>
        <testcase classname="src/test/__tests__/factories/test-factories.test.ts" name="Edge Case Factories &gt; PerformanceTestFactories &gt; should create memory intensive data" time="0.009805">
        </testcase>
        <testcase classname="src/test/__tests__/factories/test-factories.test.ts" name="Edge Case Factories &gt; AccessibilityTestFactories &gt; should create accessibility test scenarios" time="0.0029992">
        </testcase>
        <testcase classname="src/test/__tests__/factories/test-factories.test.ts" name="Schema Validation Factories &gt; ValidatedUserFactory &gt; should always create schema-compliant users" time="0.0168388">
        </testcase>
        <testcase classname="src/test/__tests__/factories/test-factories.test.ts" name="Schema Validation Factories &gt; ValidatedUserFactory &gt; should create valid registration data" time="0.0033081">
        </testcase>
        <testcase classname="src/test/__tests__/factories/test-factories.test.ts" name="Schema Validation Factories &gt; ValidatedUserFactory &gt; should pass all validation cases" time="0.0057457">
        </testcase>
        <testcase classname="src/test/__tests__/factories/test-factories.test.ts" name="Schema Validation Factories &gt; ValidatedExerciseFactory &gt; should always create schema-compliant exercises" time="0.0140756">
        </testcase>
        <testcase classname="src/test/__tests__/factories/test-factories.test.ts" name="Schema Validation Factories &gt; ValidatedExerciseFactory &gt; should pass all validation cases" time="0.0211683">
        </testcase>
        <testcase classname="src/test/__tests__/factories/test-factories.test.ts" name="Schema Validation Factories &gt; ValidatedWorkoutFactory &gt; should always create schema-compliant workouts" time="0.0285635">
        </testcase>
        <testcase classname="src/test/__tests__/factories/test-factories.test.ts" name="Schema Validation Factories &gt; ValidatedWorkoutFactory &gt; should pass all validation cases" time="0.0180532">
        </testcase>
        <testcase classname="src/test/__tests__/factories/test-factories.test.ts" name="Schema Validation Factories &gt; ValidatedSetFactory &gt; should always create schema-compliant sets" time="0.0042753">
        </testcase>
        <testcase classname="src/test/__tests__/factories/test-factories.test.ts" name="Schema Validation Factories &gt; ValidatedSetFactory &gt; should pass all validation cases" time="0.0051272">
        </testcase>
        <testcase classname="src/test/__tests__/factories/test-factories.test.ts" name="Factory Performance &gt; should generate data efficiently" time="0.0109017">
        </testcase>
        <testcase classname="src/test/__tests__/factories/test-factories.test.ts" name="Factory Performance &gt; should handle large batch generation" time="0.0304344">
        </testcase>
        <testcase classname="src/test/__tests__/factories/test-factories.test.ts" name="Factory Consistency &gt; should generate consistent data structure" time="0.0078477">
        </testcase>
        <testcase classname="src/test/__tests__/factories/test-factories.test.ts" name="Factory Consistency &gt; should respect overrides consistently" time="0.0016353">
        </testcase>
    </testsuite>
    <testsuite name="src/test/__tests__/accessibility/social-feed-a11y.test.tsx" timestamp="2025-09-30T22:44:20.496Z" hostname="Juli" tests="23" failures="0" errors="0" skipped="0" time="1.5870287">
        <testcase classname="src/test/__tests__/accessibility/social-feed-a11y.test.tsx" name="Social Feed Accessibility Tests &gt; Automated Accessibility Checks &gt; should pass axe accessibility audit for social feed" time="0.4137478">
        </testcase>
        <testcase classname="src/test/__tests__/accessibility/social-feed-a11y.test.tsx" name="Social Feed Accessibility Tests &gt; Automated Accessibility Checks &gt; should pass axe audit for individual posts" time="0.0641981">
        </testcase>
        <testcase classname="src/test/__tests__/accessibility/social-feed-a11y.test.tsx" name="Social Feed Accessibility Tests &gt; Automated Accessibility Checks &gt; should pass axe audit for comment form" time="0.0452">
        </testcase>
        <testcase classname="src/test/__tests__/accessibility/social-feed-a11y.test.tsx" name="Social Feed Accessibility Tests &gt; Screen Reader Announcements &gt; should properly announce post content to screen readers" time="0.0203313">
        </testcase>
        <testcase classname="src/test/__tests__/accessibility/social-feed-a11y.test.tsx" name="Social Feed Accessibility Tests &gt; Screen Reader Announcements &gt; should announce like button state changes" time="0.0262966">
        </testcase>
        <testcase classname="src/test/__tests__/accessibility/social-feed-a11y.test.tsx" name="Social Feed Accessibility Tests &gt; Screen Reader Announcements &gt; should use live regions for dynamic updates" time="0.0131379">
        </testcase>
        <testcase classname="src/test/__tests__/accessibility/social-feed-a11y.test.tsx" name="Social Feed Accessibility Tests &gt; Screen Reader Announcements &gt; should announce loading states" time="0.0122798">
        </testcase>
        <testcase classname="src/test/__tests__/accessibility/social-feed-a11y.test.tsx" name="Social Feed Accessibility Tests &gt; Screen Reader Announcements &gt; should provide meaningful timestamps" time="0.03177">
        </testcase>
        <testcase classname="src/test/__tests__/accessibility/social-feed-a11y.test.tsx" name="Social Feed Accessibility Tests &gt; Keyboard Navigation Tests &gt; should support keyboard navigation through posts" time="0.2146947">
        </testcase>
        <testcase classname="src/test/__tests__/accessibility/social-feed-a11y.test.tsx" name="Social Feed Accessibility Tests &gt; Keyboard Navigation Tests &gt; should activate buttons with Enter and Space keys" time="0.0829576">
        </testcase>
        <testcase classname="src/test/__tests__/accessibility/social-feed-a11y.test.tsx" name="Social Feed Accessibility Tests &gt; Keyboard Navigation Tests &gt; should handle keyboard navigation in comment form" time="0.0815206">
        </testcase>
        <testcase classname="src/test/__tests__/accessibility/social-feed-a11y.test.tsx" name="Social Feed Accessibility Tests &gt; Form Accessibility Tests &gt; should have proper form labels and descriptions" time="0.0049928">
        </testcase>
        <testcase classname="src/test/__tests__/accessibility/social-feed-a11y.test.tsx" name="Social Feed Accessibility Tests &gt; Form Accessibility Tests &gt; should handle form validation accessibly" time="0.005351">
        </testcase>
        <testcase classname="src/test/__tests__/accessibility/social-feed-a11y.test.tsx" name="Social Feed Accessibility Tests &gt; Semantic Structure Tests &gt; should have proper heading hierarchy" time="0.0250647">
        </testcase>
        <testcase classname="src/test/__tests__/accessibility/social-feed-a11y.test.tsx" name="Social Feed Accessibility Tests &gt; Semantic Structure Tests &gt; should use proper landmark roles" time="0.0129299">
        </testcase>
        <testcase classname="src/test/__tests__/accessibility/social-feed-a11y.test.tsx" name="Social Feed Accessibility Tests &gt; Semantic Structure Tests &gt; should group related elements properly" time="0.0163181">
        </testcase>
        <testcase classname="src/test/__tests__/accessibility/social-feed-a11y.test.tsx" name="Social Feed Accessibility Tests &gt; Live Region Tests &gt; should announce new posts availability" time="0.0115455">
        </testcase>
        <testcase classname="src/test/__tests__/accessibility/social-feed-a11y.test.tsx" name="Social Feed Accessibility Tests &gt; Live Region Tests &gt; should announce successful actions" time="0.0077601">
        </testcase>
        <testcase classname="src/test/__tests__/accessibility/social-feed-a11y.test.tsx" name="Social Feed Accessibility Tests &gt; Live Region Tests &gt; should handle error announcements" time="0.0111835">
        </testcase>
        <testcase classname="src/test/__tests__/accessibility/social-feed-a11y.test.tsx" name="Social Feed Accessibility Tests &gt; Integration Tests &gt; should provide complete screen reader experience" time="0.0315909">
        </testcase>
        <testcase classname="src/test/__tests__/accessibility/social-feed-a11y.test.tsx" name="Social Feed Accessibility Tests &gt; Integration Tests &gt; should work with assistive technology end-to-end" time="0.0593502">
        </testcase>
        <testcase classname="src/test/__tests__/accessibility/social-feed-a11y.test.tsx" name="Social Feed Accessibility Tests &gt; Performance and Responsiveness &gt; should maintain accessibility with large feeds" time="0.3762861">
        </testcase>
        <testcase classname="src/test/__tests__/accessibility/social-feed-a11y.test.tsx" name="Social Feed Accessibility Tests &gt; Performance and Responsiveness &gt; should handle dynamic content updates accessibly" time="0.0128383">
        </testcase>
    </testsuite>
    <testsuite name="src/test/__tests__/accessibility/workout-player-a11y.test.tsx" timestamp="2025-09-30T22:44:20.503Z" hostname="Juli" tests="23" failures="0" errors="0" skipped="0" time="0.6877355">
        <testcase classname="src/test/__tests__/accessibility/workout-player-a11y.test.tsx" name="Workout Player Accessibility Tests &gt; Automated Accessibility Checks &gt; should pass axe accessibility audit" time="0.2172165">
        </testcase>
        <testcase classname="src/test/__tests__/accessibility/workout-player-a11y.test.tsx" name="Workout Player Accessibility Tests &gt; Automated Accessibility Checks &gt; should pass axe audit for fullscreen mode" time="0.0646827">
        </testcase>
        <testcase classname="src/test/__tests__/accessibility/workout-player-a11y.test.tsx" name="Workout Player Accessibility Tests &gt; Automated Accessibility Checks &gt; should meet WCAG 2.1 AA criteria for interactive elements" time="0.0413388">
        </testcase>
        <testcase classname="src/test/__tests__/accessibility/workout-player-a11y.test.tsx" name="Workout Player Accessibility Tests &gt; Keyboard Navigation Tests &gt; should support tab navigation through all controls" time="0.1714008">
        </testcase>
        <testcase classname="src/test/__tests__/accessibility/workout-player-a11y.test.tsx" name="Workout Player Accessibility Tests &gt; Keyboard Navigation Tests &gt; should activate controls with Enter and Space keys" time="0.0497858">
        </testcase>
        <testcase classname="src/test/__tests__/accessibility/workout-player-a11y.test.tsx" name="Workout Player Accessibility Tests &gt; Keyboard Navigation Tests &gt; should support arrow key navigation for sliders" time="0.0081566">
        </testcase>
        <testcase classname="src/test/__tests__/accessibility/workout-player-a11y.test.tsx" name="Workout Player Accessibility Tests &gt; Keyboard Navigation Tests &gt; should handle Escape key in fullscreen mode" time="0.0053493">
        </testcase>
        <testcase classname="src/test/__tests__/accessibility/workout-player-a11y.test.tsx" name="Workout Player Accessibility Tests &gt; Keyboard Navigation Tests &gt; should trap focus in fullscreen mode" time="0.0235674">
        </testcase>
        <testcase classname="src/test/__tests__/accessibility/workout-player-a11y.test.tsx" name="Workout Player Accessibility Tests &gt; Screen Reader Compatibility Tests &gt; should have proper ARIA labels for all controls" time="0.0047943">
        </testcase>
        <testcase classname="src/test/__tests__/accessibility/workout-player-a11y.test.tsx" name="Workout Player Accessibility Tests &gt; Screen Reader Compatibility Tests &gt; should announce state changes to screen readers" time="0.009081">
        </testcase>
        <testcase classname="src/test/__tests__/accessibility/workout-player-a11y.test.tsx" name="Workout Player Accessibility Tests &gt; Screen Reader Compatibility Tests &gt; should provide meaningful value text for sliders" time="0.0046456">
        </testcase>
        <testcase classname="src/test/__tests__/accessibility/workout-player-a11y.test.tsx" name="Workout Player Accessibility Tests &gt; Screen Reader Compatibility Tests &gt; should use live regions for dynamic content updates" time="0.0040839">
        </testcase>
        <testcase classname="src/test/__tests__/accessibility/workout-player-a11y.test.tsx" name="Workout Player Accessibility Tests &gt; Screen Reader Compatibility Tests &gt; should have proper modal semantics in fullscreen" time="0.0057113">
        </testcase>
        <testcase classname="src/test/__tests__/accessibility/workout-player-a11y.test.tsx" name="Workout Player Accessibility Tests &gt; Focus Management Tests &gt; should have visible focus indicators" time="0.0093341">
        </testcase>
        <testcase classname="src/test/__tests__/accessibility/workout-player-a11y.test.tsx" name="Workout Player Accessibility Tests &gt; Focus Management Tests &gt; should manage focus properly when entering fullscreen" time="0.0049381">
        </testcase>
        <testcase classname="src/test/__tests__/accessibility/workout-player-a11y.test.tsx" name="Workout Player Accessibility Tests &gt; Focus Management Tests &gt; should restore focus when exiting fullscreen" time="0.010791">
        </testcase>
        <testcase classname="src/test/__tests__/accessibility/workout-player-a11y.test.tsx" name="Workout Player Accessibility Tests &gt; Color and Contrast Tests &gt; should have sufficient color contrast for all text elements" time="0.0082583">
        </testcase>
        <testcase classname="src/test/__tests__/accessibility/workout-player-a11y.test.tsx" name="Workout Player Accessibility Tests &gt; Color and Contrast Tests &gt; should not rely solely on color to convey information" time="0.0067051">
        </testcase>
        <testcase classname="src/test/__tests__/accessibility/workout-player-a11y.test.tsx" name="Workout Player Accessibility Tests &gt; Integration Tests &gt; should work with keyboard navigation end-to-end" time="0.0091973">
        </testcase>
        <testcase classname="src/test/__tests__/accessibility/workout-player-a11y.test.tsx" name="Workout Player Accessibility Tests &gt; Integration Tests &gt; should provide complete screen reader experience" time="0.0080212">
        </testcase>
        <testcase classname="src/test/__tests__/accessibility/workout-player-a11y.test.tsx" name="Workout Player Accessibility Tests &gt; Error States and Edge Cases &gt; should handle disabled states accessibly" time="0.0053906">
        </testcase>
        <testcase classname="src/test/__tests__/accessibility/workout-player-a11y.test.tsx" name="Workout Player Accessibility Tests &gt; Error States and Edge Cases &gt; should handle loading states accessibly" time="0.0054257">
        </testcase>
        <testcase classname="src/test/__tests__/accessibility/workout-player-a11y.test.tsx" name="Workout Player Accessibility Tests &gt; Error States and Edge Cases &gt; should handle error states accessibly" time="0.0044749">
        </testcase>
    </testsuite>
    <testsuite name="src/test/__tests__/quality-gates/quality-gate-integration.test.ts" timestamp="2025-09-30T22:44:20.510Z" hostname="Juli" tests="11" failures="0" errors="0" skipped="0" time="0">
        <testcase classname="src/test/__tests__/quality-gates/quality-gate-integration.test.ts" name="Quality Gate Integration &gt; QualityGateEvaluator &gt; should create quality gate evaluator instance" time="0">
        </testcase>
        <testcase classname="src/test/__tests__/quality-gates/quality-gate-integration.test.ts" name="Quality Gate Integration &gt; QualityGateEvaluator &gt; should handle missing coverage report gracefully" time="0">
        </testcase>
        <testcase classname="src/test/__tests__/quality-gates/quality-gate-integration.test.ts" name="Quality Gate Integration &gt; QualityGateEvaluator &gt; should evaluate quality gates with mock data" time="0">
        </testcase>
        <testcase classname="src/test/__tests__/quality-gates/quality-gate-integration.test.ts" name="Quality Gate Integration &gt; CoverageEnforcer &gt; should create coverage enforcer instance" time="0">
        </testcase>
        <testcase classname="src/test/__tests__/quality-gates/quality-gate-integration.test.ts" name="Quality Gate Integration &gt; CoverageEnforcer &gt; should validate coverage thresholds" time="0">
        </testcase>
        <testcase classname="src/test/__tests__/quality-gates/quality-gate-integration.test.ts" name="Quality Gate Integration &gt; ReliabilityChecker &gt; should create reliability checker instance" time="0">
        </testcase>
        <testcase classname="src/test/__tests__/quality-gates/quality-gate-integration.test.ts" name="Quality Gate Integration &gt; ReliabilityChecker &gt; should handle missing reliability data" time="0">
        </testcase>
        <testcase classname="src/test/__tests__/quality-gates/quality-gate-integration.test.ts" name="Quality Gate Integration &gt; AccessibilityValidator &gt; should create accessibility validator instance" time="0">
        </testcase>
        <testcase classname="src/test/__tests__/quality-gates/quality-gate-integration.test.ts" name="Quality Gate Integration &gt; AccessibilityValidator &gt; should generate manual test checklist" time="0">
        </testcase>
        <testcase classname="src/test/__tests__/quality-gates/quality-gate-integration.test.ts" name="Quality Gate Integration &gt; Integration Workflow &gt; should run complete quality gate workflow" time="0">
        </testcase>
        <testcase classname="src/test/__tests__/quality-gates/quality-gate-integration.test.ts" name="Quality Gate Integration &gt; Integration Workflow &gt; should fail quality gates with poor metrics" time="0">
        </testcase>
    </testsuite>
</testsuites>
